20220815 08:10:11.630962   7828 INFO timer tick - webserver.cpp:438
20220815 08:10:16.631063   7828 INFO timer tick - webserver.cpp:438
20220815 08:10:21.631137   7828 INFO timer tick - webserver.cpp:438
20220815 08:10:26.631253   7828 INFO timer tick - webserver.cpp:438
20220815 08:10:31.631368   7828 INFO timer tick - webserver.cpp:438
20220815 08:10:36.631493   7828 INFO timer tick - webserver.cpp:438
20220815 08:10:41.631536   7828 INFO timer tick - webserver.cpp:438
20220815 08:10:46.631632   7828 INFO timer tick - webserver.cpp:438
20220815 08:10:51.631713   7828 INFO timer tick - webserver.cpp:438
20220815 08:10:56.631806   7828 INFO timer tick - webserver.cpp:438
20220815 08:11:01.631933   7828 INFO timer tick - webserver.cpp:438
20220815 08:11:06.632058   7828 INFO timer tick - webserver.cpp:438
20220815 08:11:11.632097   7828 INFO timer tick - webserver.cpp:438
20220815 08:11:16.632204   7828 INFO timer tick - webserver.cpp:438
20220815 08:11:21.632296   7828 INFO timer tick - webserver.cpp:438
20220815 08:11:26.632414   7828 INFO timer tick - webserver.cpp:438
20220815 08:11:31.632453   7828 INFO timer tick - webserver.cpp:438
20220815 08:11:36.632533   7828 INFO timer tick - webserver.cpp:438
20220815 08:11:41.632617   7828 INFO timer tick - webserver.cpp:438
20220815 08:11:46.632739   7828 INFO timer tick - webserver.cpp:438
20220815 08:11:51.632823   7828 INFO timer tick - webserver.cpp:438
20220815 08:11:56.632902   7828 INFO timer tick - webserver.cpp:438
20220815 08:12:01.632954   7828 INFO timer tick - webserver.cpp:438
20220815 08:12:06.632988   7828 INFO timer tick - webserver.cpp:438
20220815 08:12:11.633106   7828 INFO timer tick - webserver.cpp:438
20220815 08:12:16.633173   7828 INFO timer tick - webserver.cpp:438
20220815 08:12:21.633272   7828 INFO timer tick - webserver.cpp:438
20220815 08:12:26.633345   7828 INFO timer tick - webserver.cpp:438
20220815 08:12:31.633423   7828 INFO timer tick - webserver.cpp:438
20220815 08:12:36.633495   7828 INFO timer tick - webserver.cpp:438
20220815 08:12:41.633559   7828 INFO timer tick - webserver.cpp:438
20220815 08:12:46.633647   7828 INFO timer tick - webserver.cpp:438
20220815 08:12:51.633766   7828 INFO timer tick - webserver.cpp:438
20220815 08:12:56.633854   7828 INFO timer tick - webserver.cpp:438
20220815 08:13:01.633967   7828 INFO timer tick - webserver.cpp:438
20220815 08:13:06.634034   7828 INFO timer tick - webserver.cpp:438
20220815 08:13:11.634153   7828 INFO timer tick - webserver.cpp:438
20220815 08:13:16.634241   7828 INFO timer tick - webserver.cpp:438
20220815 08:13:21.634302   7828 INFO timer tick - webserver.cpp:438
20220815 08:13:26.634380   7828 INFO timer tick - webserver.cpp:438
20220815 08:13:31.634494   7828 INFO timer tick - webserver.cpp:438
20220815 08:13:36.634550   7828 INFO timer tick - webserver.cpp:438
20220815 08:13:41.634663   7828 INFO timer tick - webserver.cpp:438
20220815 08:13:46.634772   7828 INFO timer tick - webserver.cpp:438
20220815 08:13:51.634892   7828 INFO timer tick - webserver.cpp:438
20220815 08:13:56.635006   7828 INFO timer tick - webserver.cpp:438
20220815 08:14:01.635122   7828 INFO timer tick - webserver.cpp:438
20220815 08:14:06.635241   7828 INFO timer tick - webserver.cpp:438
20220815 08:14:11.635353   7828 INFO timer tick - webserver.cpp:438
20220815 08:14:16.635469   7828 INFO timer tick - webserver.cpp:438
20220815 08:14:21.635560   7828 INFO timer tick - webserver.cpp:438
20220815 08:14:26.635663   7828 INFO timer tick - webserver.cpp:438
20220815 08:14:31.635779   7828 INFO timer tick - webserver.cpp:438
20220815 08:14:36.635925   7828 INFO timer tick - webserver.cpp:438
20220815 08:14:41.636042   7828 INFO timer tick - webserver.cpp:438
20220815 08:14:46.636157   7828 INFO timer tick - webserver.cpp:438
20220815 08:14:51.636271   7828 INFO timer tick - webserver.cpp:438
20220815 08:14:56.636380   7828 INFO timer tick - webserver.cpp:438
20220815 08:15:01.636494   7828 INFO timer tick - webserver.cpp:438
20220815 08:15:06.636609   7828 INFO timer tick - webserver.cpp:438
20220815 08:15:11.636721   7828 INFO timer tick - webserver.cpp:438
20220815 08:15:16.636810   7828 INFO timer tick - webserver.cpp:438
20220815 08:15:21.636907   7828 INFO timer tick - webserver.cpp:438
20220815 08:15:26.637028   7828 INFO timer tick - webserver.cpp:438
20220815 08:15:31.637142   7828 INFO timer tick - webserver.cpp:438
20220815 08:15:36.637281   7828 INFO timer tick - webserver.cpp:438
20220815 08:15:41.637352   7828 INFO timer tick - webserver.cpp:438
20220815 08:15:46.637392   7828 INFO timer tick - webserver.cpp:438
20220815 08:15:51.637498   7828 INFO timer tick - webserver.cpp:438
20220815 08:15:56.637535   7828 INFO timer tick - webserver.cpp:438
20220815 08:16:01.637612   7828 INFO timer tick - webserver.cpp:438
20220815 08:16:06.637728   7828 INFO timer tick - webserver.cpp:438
20220815 08:16:11.637776   7828 INFO timer tick - webserver.cpp:438
20220815 08:16:16.637856   7828 INFO timer tick - webserver.cpp:438
20220815 08:16:21.637950   7828 INFO timer tick - webserver.cpp:438
20220815 08:16:26.637988   7828 INFO timer tick - webserver.cpp:438
20220815 08:16:31.638035   7828 INFO timer tick - webserver.cpp:438
20220815 08:16:36.638152   7828 INFO timer tick - webserver.cpp:438
20220815 08:16:41.638211   7828 INFO timer tick - webserver.cpp:438
20220815 08:16:46.638321   7828 INFO timer tick - webserver.cpp:438
20220815 08:16:51.638379   7828 INFO timer tick - webserver.cpp:438
20220815 08:16:56.638496   7828 INFO timer tick - webserver.cpp:438
20220815 08:17:01.638583   7828 INFO timer tick - webserver.cpp:438
20220815 08:17:06.638625   7828 INFO timer tick - webserver.cpp:438
20220815 08:17:11.638666   7828 INFO timer tick - webserver.cpp:438
20220815 08:17:16.638776   7828 INFO timer tick - webserver.cpp:438
20220815 08:17:21.638818   7828 INFO timer tick - webserver.cpp:438
20220815 08:17:26.638897   7828 INFO timer tick - webserver.cpp:438
20220815 08:17:31.638987   7828 INFO timer tick - webserver.cpp:438
20220815 08:17:36.639070   7828 INFO timer tick - webserver.cpp:438
20220815 08:17:41.639152   7828 INFO timer tick - webserver.cpp:438
20220815 08:17:46.639227   7828 INFO timer tick - webserver.cpp:438
20220815 08:17:51.639348   7828 INFO timer tick - webserver.cpp:438
20220815 08:17:56.639426   7828 INFO timer tick - webserver.cpp:438
20220815 08:18:01.639503   7828 INFO timer tick - webserver.cpp:438
20220815 08:18:06.639588   7828 INFO timer tick - webserver.cpp:438
20220815 08:18:11.639705   7828 INFO timer tick - webserver.cpp:438
20220815 08:18:16.639819   7828 INFO timer tick - webserver.cpp:438
20220815 08:18:21.639880   7828 INFO timer tick - webserver.cpp:438
20220815 08:18:26.639990   7828 INFO timer tick - webserver.cpp:438
20220815 08:18:31.641035   7828 INFO timer tick - webserver.cpp:438
20220815 08:18:36.641108   7828 INFO timer tick - webserver.cpp:438
20220815 08:18:41.641207   7828 INFO timer tick - webserver.cpp:438
20220815 08:18:46.641328   7828 INFO timer tick - webserver.cpp:438
20220815 08:18:51.641372   7828 INFO timer tick - webserver.cpp:438
20220815 08:18:56.641466   7828 INFO timer tick - webserver.cpp:438
20220815 08:19:01.641531   7828 INFO timer tick - webserver.cpp:438
20220815 08:19:06.641620   7828 INFO timer tick - webserver.cpp:438
20220815 08:19:11.641667   7828 INFO timer tick - webserver.cpp:438
20220815 08:19:16.641736   7828 INFO timer tick - webserver.cpp:438
20220815 08:19:21.641832   7828 INFO timer tick - webserver.cpp:438
20220815 08:19:26.641865   7828 INFO timer tick - webserver.cpp:438
20220815 08:19:31.641982   7828 INFO timer tick - webserver.cpp:438
20220815 08:19:36.642082   7828 INFO timer tick - webserver.cpp:438
20220815 08:19:41.642162   7828 INFO timer tick - webserver.cpp:438
20220815 08:19:46.642239   7828 INFO timer tick - webserver.cpp:438
20220815 08:19:51.642353   7828 INFO timer tick - webserver.cpp:438
20220815 08:19:56.642443   7828 INFO timer tick - webserver.cpp:438
20220815 08:20:01.642514   7828 INFO timer tick - webserver.cpp:438
20220815 08:20:06.642585   7828 INFO timer tick - webserver.cpp:438
20220815 08:20:11.642698   7828 INFO timer tick - webserver.cpp:438
20220815 08:20:16.642752   7828 INFO timer tick - webserver.cpp:438
20220815 08:20:21.642873   7828 INFO timer tick - webserver.cpp:438
20220815 08:20:26.643000   7828 INFO timer tick - webserver.cpp:438
20220815 08:20:31.643091   7828 INFO timer tick - webserver.cpp:438
20220815 08:20:36.643208   7828 INFO timer tick - webserver.cpp:438
20220815 08:20:41.643279   7828 INFO timer tick - webserver.cpp:438
20220815 08:20:46.643322   7828 INFO timer tick - webserver.cpp:438
20220815 08:20:51.643397   7828 INFO timer tick - webserver.cpp:438
20220815 08:20:56.643452   7828 INFO timer tick - webserver.cpp:438
20220815 08:21:01.643501   7828 INFO timer tick - webserver.cpp:438
20220815 08:21:06.643572   7828 INFO timer tick - webserver.cpp:438
20220815 08:21:11.643687   7828 INFO timer tick - webserver.cpp:438
20220815 08:21:16.643722   7828 INFO timer tick - webserver.cpp:438
20220815 08:21:21.643784   7828 INFO timer tick - webserver.cpp:438
20220815 08:21:26.643846   7828 INFO timer tick - webserver.cpp:438
20220815 08:21:31.643956   7828 INFO timer tick - webserver.cpp:438
20220815 08:21:36.644051   7828 INFO timer tick - webserver.cpp:438
20220815 08:21:41.644149   7828 INFO timer tick - webserver.cpp:438
20220815 08:21:46.644244   7828 INFO timer tick - webserver.cpp:438
20220815 08:21:51.644285   7828 INFO timer tick - webserver.cpp:438
20220815 08:21:56.644354   7828 INFO timer tick - webserver.cpp:438
20220815 08:22:01.644468   7828 INFO timer tick - webserver.cpp:438
20220815 08:22:06.644583   7828 INFO timer tick - webserver.cpp:438
20220815 08:22:11.644698   7828 INFO timer tick - webserver.cpp:438
20220815 08:22:16.644781   7828 INFO timer tick - webserver.cpp:438
20220815 08:22:21.644911   7828 INFO timer tick - webserver.cpp:438
20220815 08:22:26.645034   7828 INFO timer tick - webserver.cpp:438
20220815 08:22:31.645110   7828 INFO timer tick - webserver.cpp:438
20220815 08:22:36.645230   7828 INFO timer tick - webserver.cpp:438
20220815 08:22:41.645299   7828 INFO timer tick - webserver.cpp:438
20220815 08:22:46.645448   7828 INFO timer tick - webserver.cpp:438
20220815 08:22:51.645510   7828 INFO timer tick - webserver.cpp:438
20220815 08:22:56.645628   7828 INFO timer tick - webserver.cpp:438
20220815 08:23:01.645719   7828 INFO timer tick - webserver.cpp:438
20220815 08:23:06.645783   7828 INFO timer tick - webserver.cpp:438
20220815 08:23:11.645857   7828 INFO timer tick - webserver.cpp:438
20220815 08:23:16.645933   7828 INFO timer tick - webserver.cpp:438
20220815 08:23:21.646044   7828 INFO timer tick - webserver.cpp:438
20220815 08:23:26.646128   7828 INFO timer tick - webserver.cpp:438
20220815 08:23:31.646237   7828 INFO timer tick - webserver.cpp:438
20220815 08:23:36.646302   7828 INFO timer tick - webserver.cpp:438
20220815 08:23:41.646401   7828 INFO timer tick - webserver.cpp:438
20220815 08:23:46.646477   7828 INFO timer tick - webserver.cpp:438
20220815 08:23:51.646585   7828 INFO timer tick - webserver.cpp:438
20220815 08:23:56.646658   7828 INFO timer tick - webserver.cpp:438
20220815 08:24:01.646697   7828 INFO timer tick - webserver.cpp:438
20220815 08:24:06.646731   7828 INFO timer tick - webserver.cpp:438
20220815 08:24:11.646852   7828 INFO timer tick - webserver.cpp:438
20220815 08:24:16.646965   7828 INFO timer tick - webserver.cpp:438
20220815 08:24:21.647082   7828 INFO timer tick - webserver.cpp:438
20220815 08:24:26.647116   7828 INFO timer tick - webserver.cpp:438
20220815 08:24:31.647181   7828 INFO timer tick - webserver.cpp:438
20220815 08:24:36.647300   7828 INFO timer tick - webserver.cpp:438
20220815 08:24:41.647378   7828 INFO timer tick - webserver.cpp:438
20220815 08:24:46.647497   7828 INFO timer tick - webserver.cpp:438
20220815 08:24:51.647612   7828 INFO timer tick - webserver.cpp:438
20220815 08:24:56.647661   7828 INFO timer tick - webserver.cpp:438
20220815 08:25:01.647777   7828 INFO timer tick - webserver.cpp:438
20220815 08:25:06.647837   7828 INFO timer tick - webserver.cpp:438
20220815 08:25:11.647956   7828 INFO timer tick - webserver.cpp:438
20220815 08:25:16.648081   7828 INFO timer tick - webserver.cpp:438
20220815 08:25:21.648195   7828 INFO timer tick - webserver.cpp:438
20220815 08:25:26.648263   7828 INFO timer tick - webserver.cpp:438
20220815 08:25:31.648388   7828 INFO timer tick - webserver.cpp:438
20220815 08:25:36.650379   7828 INFO timer tick - webserver.cpp:438
20220815 08:25:41.650513   7828 INFO timer tick - webserver.cpp:438
20220815 08:25:46.650538   7828 INFO timer tick - webserver.cpp:438
20220815 08:25:51.650658   7828 INFO timer tick - webserver.cpp:438
20220815 08:25:56.650774   7828 INFO timer tick - webserver.cpp:438
20220815 08:26:01.650834   7828 INFO timer tick - webserver.cpp:438
20220815 08:26:06.650871   7828 INFO timer tick - webserver.cpp:438
20220815 08:26:11.650929   7828 INFO timer tick - webserver.cpp:438
20220815 08:26:16.651045   7828 INFO timer tick - webserver.cpp:438
20220815 08:26:21.651173   7828 INFO timer tick - webserver.cpp:438
20220815 08:26:26.651280   7828 INFO timer tick - webserver.cpp:438
20220815 08:26:31.651353   7828 INFO timer tick - webserver.cpp:438
20220815 08:26:36.651419   7828 INFO timer tick - webserver.cpp:438
20220815 08:26:41.651487   7828 INFO timer tick - webserver.cpp:438
20220815 08:26:46.651604   7828 INFO timer tick - webserver.cpp:438
20220815 08:26:51.651687   7828 INFO timer tick - webserver.cpp:438
20220815 08:26:56.651789   7828 INFO timer tick - webserver.cpp:438
20220815 08:27:01.651901   7828 INFO timer tick - webserver.cpp:438
20220815 08:27:06.651983   7828 INFO timer tick - webserver.cpp:438
20220815 08:27:11.652066   7828 INFO timer tick - webserver.cpp:438
20220815 08:27:16.652091   7828 INFO timer tick - webserver.cpp:438
20220815 08:27:21.652223   7828 INFO timer tick - webserver.cpp:438
20220815 08:27:26.652299   7828 INFO timer tick - webserver.cpp:438
20220815 08:27:31.652396   7828 INFO timer tick - webserver.cpp:438
20220815 08:27:36.652509   7828 INFO timer tick - webserver.cpp:438
20220815 08:27:41.652601   7828 INFO timer tick - webserver.cpp:438
20220815 08:27:46.652676   7828 INFO timer tick - webserver.cpp:438
20220815 08:27:51.652708   7828 INFO timer tick - webserver.cpp:438
20220815 08:27:56.652829   7828 INFO timer tick - webserver.cpp:438
20220815 08:28:01.652890   7828 INFO timer tick - webserver.cpp:438
20220815 08:28:06.652995   7828 INFO timer tick - webserver.cpp:438
20220815 08:28:11.653102   7828 INFO timer tick - webserver.cpp:438
20220815 08:28:16.653225   7828 INFO timer tick - webserver.cpp:438
20220815 08:28:21.653298   7828 INFO timer tick - webserver.cpp:438
20220815 08:28:26.653335   7828 INFO timer tick - webserver.cpp:438
20220815 08:28:31.653375   7828 INFO timer tick - webserver.cpp:438
20220815 08:28:36.653413   7828 INFO timer tick - webserver.cpp:438
20220815 08:28:41.653515   7828 INFO timer tick - webserver.cpp:438
20220815 08:28:46.653615   7828 INFO timer tick - webserver.cpp:438
20220815 08:28:51.653704   7828 INFO timer tick - webserver.cpp:438
20220815 08:28:56.653794   7828 INFO timer tick - webserver.cpp:438
20220815 08:29:01.653909   7828 INFO timer tick - webserver.cpp:438
20220815 08:29:06.654032   7828 INFO timer tick - webserver.cpp:438
20220815 08:29:11.654116   7828 INFO timer tick - webserver.cpp:438
20220815 08:29:16.654234   7828 INFO timer tick - webserver.cpp:438
20220815 08:29:21.654347   7828 INFO timer tick - webserver.cpp:438
20220815 08:29:26.654447   7828 INFO timer tick - webserver.cpp:438
20220815 08:29:31.654563   7828 INFO timer tick - webserver.cpp:438
20220815 08:29:36.654606   7828 INFO timer tick - webserver.cpp:438
20220815 08:29:41.654688   7828 INFO timer tick - webserver.cpp:438
20220815 08:29:46.654771   7828 INFO timer tick - webserver.cpp:438
20220815 08:29:51.654824   7828 INFO timer tick - webserver.cpp:438
20220815 08:29:56.654938   7828 INFO timer tick - webserver.cpp:438
20220815 08:30:01.655039   7828 INFO timer tick - webserver.cpp:438
20220815 08:30:06.655151   7828 INFO timer tick - webserver.cpp:438
20220815 08:30:11.655264   7828 INFO timer tick - webserver.cpp:438
20220815 08:30:16.655339   7828 INFO timer tick - webserver.cpp:438
20220815 08:30:21.655408   7828 INFO timer tick - webserver.cpp:438
20220815 08:30:26.655522   7828 INFO timer tick - webserver.cpp:438
20220815 08:30:31.655583   7828 INFO timer tick - webserver.cpp:438
20220815 08:30:36.655700   7828 INFO timer tick - webserver.cpp:438
20220815 08:30:41.655771   7828 INFO timer tick - webserver.cpp:438
20220815 08:30:46.655887   7828 INFO timer tick - webserver.cpp:438
20220815 08:30:51.656003   7828 INFO timer tick - webserver.cpp:438
20220815 08:30:56.656116   7828 INFO timer tick - webserver.cpp:438
20220815 08:31:01.656195   7828 INFO timer tick - webserver.cpp:438
20220815 08:31:06.656311   7828 INFO timer tick - webserver.cpp:438
20220815 08:31:11.656366   7828 INFO timer tick - webserver.cpp:438
20220815 08:31:16.656433   7828 INFO timer tick - webserver.cpp:438
20220815 08:31:21.656556   7828 INFO timer tick - webserver.cpp:438
20220815 08:31:26.656647   7828 INFO timer tick - webserver.cpp:438
20220815 08:31:31.656762   7828 INFO timer tick - webserver.cpp:438
20220815 08:31:36.656876   7828 INFO timer tick - webserver.cpp:438
20220815 08:31:41.656919   7828 INFO timer tick - webserver.cpp:438
20220815 08:31:46.657044   7828 INFO timer tick - webserver.cpp:438
20220815 08:31:51.657131   7828 INFO timer tick - webserver.cpp:438
20220815 08:31:56.657208   7828 INFO timer tick - webserver.cpp:438
20220815 08:32:01.657251   7828 INFO timer tick - webserver.cpp:438
20220815 08:32:06.657342   7828 INFO timer tick - webserver.cpp:438
20220815 08:32:11.657462   7828 INFO timer tick - webserver.cpp:438
20220815 08:32:16.657498   7828 INFO timer tick - webserver.cpp:438
20220815 08:32:21.657632   7828 INFO timer tick - webserver.cpp:438
20220815 08:32:26.657754   7828 INFO timer tick - webserver.cpp:438
20220815 08:32:31.657798   7828 INFO timer tick - webserver.cpp:438
20220815 08:32:36.657869   7828 INFO timer tick - webserver.cpp:438
20220815 08:32:41.657914   7828 INFO timer tick - webserver.cpp:438
20220815 08:32:46.657989   7828 INFO timer tick - webserver.cpp:438
20220815 08:32:51.658043   7828 INFO timer tick - webserver.cpp:438
20220815 08:32:56.658114   7828 INFO timer tick - webserver.cpp:438
20220815 08:33:01.658206   7828 INFO timer tick - webserver.cpp:438
20220815 08:33:06.658253   7828 INFO timer tick - webserver.cpp:438
20220815 08:33:11.658347   7828 INFO timer tick - webserver.cpp:438
20220815 08:33:16.658428   7828 INFO timer tick - webserver.cpp:438
20220815 08:33:21.658549   7828 INFO timer tick - webserver.cpp:438
20220815 08:33:26.658593   7828 INFO timer tick - webserver.cpp:438
20220815 08:33:31.658703   7828 INFO timer tick - webserver.cpp:438
20220815 08:33:36.658786   7828 INFO timer tick - webserver.cpp:438
20220815 08:33:41.658859   7828 INFO timer tick - webserver.cpp:438
20220815 08:33:46.658975   7828 INFO timer tick - webserver.cpp:438
20220815 08:33:51.659009   7828 INFO timer tick - webserver.cpp:438
20220815 08:33:56.659070   7828 INFO timer tick - webserver.cpp:438
20220815 08:34:01.659195   7828 INFO timer tick - webserver.cpp:438
20220815 08:34:06.659252   7828 INFO timer tick - webserver.cpp:438
20220815 08:34:11.659324   7828 INFO timer tick - webserver.cpp:438
20220815 08:34:16.659374   7828 INFO timer tick - webserver.cpp:438
20220815 08:34:21.659493   7828 INFO timer tick - webserver.cpp:438
20220815 08:34:26.659589   7828 INFO timer tick - webserver.cpp:438
20220815 08:34:31.659699   7828 INFO timer tick - webserver.cpp:438
20220815 08:34:36.659787   7828 INFO timer tick - webserver.cpp:438
20220815 08:34:41.659827   7828 INFO timer tick - webserver.cpp:438
20220815 08:34:46.659930   7828 INFO timer tick - webserver.cpp:438
20220815 08:34:51.659999   7828 INFO timer tick - webserver.cpp:438
20220815 08:34:56.660049   7828 INFO timer tick - webserver.cpp:438
20220815 08:35:01.660127   7828 INFO timer tick - webserver.cpp:438
20220815 08:35:06.660234   7828 INFO timer tick - webserver.cpp:438
20220815 08:35:11.660333   7828 INFO timer tick - webserver.cpp:438
20220815 08:35:16.660382   7828 INFO timer tick - webserver.cpp:438
20220815 08:35:21.660502   7828 INFO timer tick - webserver.cpp:438
20220815 08:35:26.660579   7828 INFO timer tick - webserver.cpp:438
20220815 08:35:31.660670   7828 INFO timer tick - webserver.cpp:438
20220815 08:35:36.660784   7828 INFO timer tick - webserver.cpp:438
20220815 08:35:41.660897   7828 INFO timer tick - webserver.cpp:438
20220815 08:35:46.661018   7828 INFO timer tick - webserver.cpp:438
20220815 08:35:51.661057   7828 INFO timer tick - webserver.cpp:438
20220815 08:35:56.661176   7828 INFO timer tick - webserver.cpp:438
20220815 08:36:01.661290   7828 INFO timer tick - webserver.cpp:438
20220815 08:36:06.661342   7828 INFO timer tick - webserver.cpp:438
20220815 08:36:11.661417   7828 INFO timer tick - webserver.cpp:438
20220815 08:36:16.661496   7828 INFO timer tick - webserver.cpp:438
20220815 08:36:21.661550   7828 INFO timer tick - webserver.cpp:438
20220815 08:36:26.661641   7828 INFO timer tick - webserver.cpp:438
20220815 08:36:31.661724   7828 INFO timer tick - webserver.cpp:438
20220815 08:36:36.661790   7828 INFO timer tick - webserver.cpp:438
20220815 08:36:41.661848   7828 INFO timer tick - webserver.cpp:438
20220815 08:36:46.661966   7828 INFO timer tick - webserver.cpp:438
20220815 08:36:51.662079   7828 INFO timer tick - webserver.cpp:438
20220815 08:36:54.73808   7828 INFO adjust timer once - webserver.cpp:195
20220815 08:36:54.73853   7850 INFO POST /2CGISQL.cgi HTTP/1.1 - http_conn.cpp:353
20220815 08:36:54.73862   7850 INFO Host: localhost:9007 - http_conn.cpp:353
20220815 08:36:54.73864   7850 INFO Connection: keep-alive - http_conn.cpp:353
20220815 08:36:54.73864   7850 INFO Content-Length: 22 - http_conn.cpp:353
20220815 08:36:54.73866   7850 INFO Cache-Control: max-age=0 - http_conn.cpp:353
20220815 08:36:54.73867   7850 INFO oop!unknow header: Cache-Control: max-age=0 - http_conn.cpp:325
20220815 08:36:54.73868   7850 INFO sec-ch-ua: ".Not/A)Brand";v="99", "Google Chrome";v="103", "Chromium";v="103" - http_conn.cpp:353
20220815 08:36:54.73869   7850 INFO oop!unknow header: sec-ch-ua: ".Not/A)Brand";v="99", "Google Chrome";v="103", "Chromium";v="103" - http_conn.cpp:325
20220815 08:36:54.73869   7850 INFO sec-ch-ua-mobile: ?0 - http_conn.cpp:353
20220815 08:36:54.73870   7850 INFO oop!unknow header: sec-ch-ua-mobile: ?0 - http_conn.cpp:325
20220815 08:36:54.73871   7850 INFO sec-ch-ua-platform: "Linux" - http_conn.cpp:353
20220815 08:36:54.73871   7850 INFO oop!unknow header: sec-ch-ua-platform: "Linux" - http_conn.cpp:325
20220815 08:36:54.73872   7850 INFO DNT: 1 - http_conn.cpp:353
20220815 08:36:54.73873   7850 INFO oop!unknow header: DNT: 1 - http_conn.cpp:325
20220815 08:36:54.73873   7850 INFO Upgrade-Insecure-Requests: 1 - http_conn.cpp:353
20220815 08:36:54.73874   7850 INFO oop!unknow header: Upgrade-Insecure-Requests: 1 - http_conn.cpp:325
20220815 08:36:54.73875   7850 INFO User-Agent: Mozilla/5.0 (X11; Linux x86_64) AppleWebKit/537.36 (KHTML, like Gecko) Chrome/103.0.0.0 Safari/537.36 - http_conn.cpp:353
20220815 08:36:54.73876   7850 INFO oop!unknow header: User-Agent: Mozilla/5.0 (X11; Linux x86_64) AppleWebKit/537.36 (KHTML, like Gecko) Chrome/103.0.0.0 Safari/537.36 - http_conn.cpp:325
20220815 08:36:54.73877   7850 INFO Origin: http://localhost:9007 - http_conn.cpp:353
20220815 08:36:54.73877   7850 INFO oop!unknow header: Origin: http://localhost:9007 - http_conn.cpp:325
20220815 08:36:54.73878   7850 INFO Content-Type: application/x-www-form-urlencoded - http_conn.cpp:353
20220815 08:36:54.73879   7850 INFO oop!unknow header: Content-Type: application/x-www-form-urlencoded - http_conn.cpp:325
20220815 08:36:54.73880   7850 INFO Accept: text/html,application/xhtml+xml,application/xml;q=0.9,image/avif,image/webp,image/apng,*/*;q=0.8,application/signed-exchange;v=b3;q=0.9 - http_conn.cpp:353
20220815 08:36:54.73880   7850 INFO oop!unknow header: Accept: text/html,application/xhtml+xml,application/xml;q=0.9,image/avif,image/webp,image/apng,*/*;q=0.8,application/signed-exchange;v=b3;q=0.9 - http_conn.cpp:325
20220815 08:36:54.73881   7850 INFO Sec-Fetch-Site: same-origin - http_conn.cpp:353
20220815 08:36:54.73882   7850 INFO oop!unknow header: Sec-Fetch-Site: same-origin - http_conn.cpp:325
20220815 08:36:54.73882   7850 INFO Sec-Fetch-Mode: navigate - http_conn.cpp:353
20220815 08:36:54.73883   7850 INFO oop!unknow header: Sec-Fetch-Mode: navigate - http_conn.cpp:325
20220815 08:36:54.73883   7850 INFO Sec-Fetch-User: ?1 - http_conn.cpp:353
20220815 08:36:54.73884   7850 INFO oop!unknow header: Sec-Fetch-User: ?1 - http_conn.cpp:325
20220815 08:36:54.73885   7850 INFO Sec-Fetch-Dest: document - http_conn.cpp:353
20220815 08:36:54.73885   7850 INFO oop!unknow header: Sec-Fetch-Dest: document - http_conn.cpp:325
20220815 08:36:54.73886   7850 INFO Referer: http://localhost:9007/3CGISQL.cgi - http_conn.cpp:353
20220815 08:36:54.73887   7850 INFO oop!unknow header: Referer: http://localhost:9007/3CGISQL.cgi - http_conn.cpp:325
20220815 08:36:54.73887   7850 INFO Accept-Encoding: gzip, deflate, br - http_conn.cpp:353
20220815 08:36:54.73888   7850 INFO oop!unknow header: Accept-Encoding: gzip, deflate, br - http_conn.cpp:325
20220815 08:36:54.73889   7850 INFO Accept-Language: zh-CN,zh;q=0.9 - http_conn.cpp:353
20220815 08:36:54.73889   7850 INFO oop!unknow header: Accept-Language: zh-CN,zh;q=0.9 - http_conn.cpp:325
20220815 08:36:54.73890   7850 INFO  - http_conn.cpp:353
20220815 08:36:54.73890   7850 INFO user=llll&password=123 - http_conn.cpp:353
20220815 08:36:54.74093   7850 INFO request:HTTP/1.1 200 OK
 - http_conn.cpp:597
20220815 08:36:54.74095   7850 INFO request:HTTP/1.1 200 OK
Content-Length:706
 - http_conn.cpp:597
20220815 08:36:54.74096   7850 INFO request:HTTP/1.1 200 OK
Content-Length:706
Connection:keep-alive
 - http_conn.cpp:597
20220815 08:36:54.74096   7850 INFO request:HTTP/1.1 200 OK
Content-Length:706
Connection:keep-alive

 - http_conn.cpp:597
20220815 08:36:54.74115   7828 INFO adjust timer once - webserver.cpp:195
20220815 08:36:54.558465   7828 INFO adjust timer once - webserver.cpp:195
20220815 08:36:54.558535   7852 INFO GET /favicon.ico HTTP/1.1 - http_conn.cpp:353
20220815 08:36:54.558569   7852 INFO Host: localhost:9007 - http_conn.cpp:353
20220815 08:36:54.558572   7852 INFO Connection: keep-alive - http_conn.cpp:353
20220815 08:36:54.558574   7852 INFO sec-ch-ua: ".Not/A)Brand";v="99", "Google Chrome";v="103", "Chromium";v="103" - http_conn.cpp:353
20220815 08:36:54.558575   7852 INFO oop!unknow header: sec-ch-ua: ".Not/A)Brand";v="99", "Google Chrome";v="103", "Chromium";v="103" - http_conn.cpp:325
20220815 08:36:54.558577   7852 INFO DNT: 1 - http_conn.cpp:353
20220815 08:36:54.558578   7852 INFO oop!unknow header: DNT: 1 - http_conn.cpp:325
20220815 08:36:54.558579   7852 INFO sec-ch-ua-mobile: ?0 - http_conn.cpp:353
20220815 08:36:54.558580   7852 INFO oop!unknow header: sec-ch-ua-mobile: ?0 - http_conn.cpp:325
20220815 08:36:54.558582   7852 INFO User-Agent: Mozilla/5.0 (X11; Linux x86_64) AppleWebKit/537.36 (KHTML, like Gecko) Chrome/103.0.0.0 Safari/537.36 - http_conn.cpp:353
20220815 08:36:54.558583   7852 INFO oop!unknow header: User-Agent: Mozilla/5.0 (X11; Linux x86_64) AppleWebKit/537.36 (KHTML, like Gecko) Chrome/103.0.0.0 Safari/537.36 - http_conn.cpp:325
20220815 08:36:54.558584   7852 INFO sec-ch-ua-platform: "Linux" - http_conn.cpp:353
20220815 08:36:54.558585   7852 INFO oop!unknow header: sec-ch-ua-platform: "Linux" - http_conn.cpp:325
20220815 08:36:54.558587   7852 INFO Accept: image/avif,image/webp,image/apng,image/svg+xml,image/*,*/*;q=0.8 - http_conn.cpp:353
20220815 08:36:54.558588   7852 INFO oop!unknow header: Accept: image/avif,image/webp,image/apng,image/svg+xml,image/*,*/*;q=0.8 - http_conn.cpp:325
20220815 08:36:54.558589   7852 INFO Sec-Fetch-Site: same-origin - http_conn.cpp:353
20220815 08:36:54.558590   7852 INFO oop!unknow header: Sec-Fetch-Site: same-origin - http_conn.cpp:325
20220815 08:36:54.558591   7852 INFO Sec-Fetch-Mode: no-cors - http_conn.cpp:353
20220815 08:36:54.558592   7852 INFO oop!unknow header: Sec-Fetch-Mode: no-cors - http_conn.cpp:325
20220815 08:36:54.558593   7852 INFO Sec-Fetch-Dest: image - http_conn.cpp:353
20220815 08:36:54.558594   7852 INFO oop!unknow header: Sec-Fetch-Dest: image - http_conn.cpp:325
20220815 08:36:54.558595   7852 INFO Referer: http://localhost:9007/2CGISQL.cgi - http_conn.cpp:353
20220815 08:36:54.558596   7852 INFO oop!unknow header: Referer: http://localhost:9007/2CGISQL.cgi - http_conn.cpp:325
20220815 08:36:54.558597   7852 INFO Accept-Encoding: gzip, deflate, br - http_conn.cpp:353
20220815 08:36:54.558598   7852 INFO oop!unknow header: Accept-Encoding: gzip, deflate, br - http_conn.cpp:325
20220815 08:36:54.558600   7852 INFO Accept-Language: zh-CN,zh;q=0.9 - http_conn.cpp:353
20220815 08:36:54.558601   7852 INFO oop!unknow header: Accept-Language: zh-CN,zh;q=0.9 - http_conn.cpp:325
20220815 08:36:54.558602   7852 INFO  - http_conn.cpp:353
20220815 08:36:54.558725   7852 INFO request:HTTP/1.1 200 OK
 - http_conn.cpp:597
20220815 08:36:54.558726   7852 INFO request:HTTP/1.1 200 OK
Content-Length:4286
 - http_conn.cpp:597
20220815 08:36:54.558727   7852 INFO request:HTTP/1.1 200 OK
Content-Length:4286
Connection:keep-alive
 - http_conn.cpp:597
20220815 08:36:54.558729   7852 INFO request:HTTP/1.1 200 OK
Content-Length:4286
Connection:keep-alive

 - http_conn.cpp:597
20220815 08:36:54.558741   7828 INFO adjust timer once - webserver.cpp:195
20220815 08:36:55.865320   7828 INFO adjust timer once - webserver.cpp:195
20220815 08:36:55.865381   7854 INFO POST /7 HTTP/1.1 - http_conn.cpp:353
20220815 08:36:55.865392   7854 INFO Host: localhost:9007 - http_conn.cpp:353
20220815 08:36:55.865393   7854 INFO Connection: keep-alive - http_conn.cpp:353
20220815 08:36:55.865394   7854 INFO Content-Length: 0 - http_conn.cpp:353
20220815 08:36:55.865396   7854 INFO Cache-Control: max-age=0 - http_conn.cpp:353
20220815 08:36:55.865397   7854 INFO oop!unknow header: Cache-Control: max-age=0 - http_conn.cpp:325
20220815 08:36:55.865398   7854 INFO sec-ch-ua: ".Not/A)Brand";v="99", "Google Chrome";v="103", "Chromium";v="103" - http_conn.cpp:353
20220815 08:36:55.865399   7854 INFO oop!unknow header: sec-ch-ua: ".Not/A)Brand";v="99", "Google Chrome";v="103", "Chromium";v="103" - http_conn.cpp:325
20220815 08:36:55.865400   7854 INFO sec-ch-ua-mobile: ?0 - http_conn.cpp:353
20220815 08:36:55.865400   7854 INFO oop!unknow header: sec-ch-ua-mobile: ?0 - http_conn.cpp:325
20220815 08:36:55.865401   7854 INFO sec-ch-ua-platform: "Linux" - http_conn.cpp:353
20220815 08:36:55.865402   7854 INFO oop!unknow header: sec-ch-ua-platform: "Linux" - http_conn.cpp:325
20220815 08:36:55.865402   7854 INFO Origin: http://localhost:9007 - http_conn.cpp:353
20220815 08:36:55.865403   7854 INFO oop!unknow header: Origin: http://localhost:9007 - http_conn.cpp:325
20220815 08:36:55.865404   7854 INFO Upgrade-Insecure-Requests: 1 - http_conn.cpp:353
20220815 08:36:55.865404   7854 INFO oop!unknow header: Upgrade-Insecure-Requests: 1 - http_conn.cpp:325
20220815 08:36:55.865405   7854 INFO DNT: 1 - http_conn.cpp:353
20220815 08:36:55.865405   7854 INFO oop!unknow header: DNT: 1 - http_conn.cpp:325
20220815 08:36:55.865406   7854 INFO Content-Type: application/x-www-form-urlencoded - http_conn.cpp:353
20220815 08:36:55.865407   7854 INFO oop!unknow header: Content-Type: application/x-www-form-urlencoded - http_conn.cpp:325
20220815 08:36:55.865408   7854 INFO User-Agent: Mozilla/5.0 (X11; Linux x86_64) AppleWebKit/537.36 (KHTML, like Gecko) Chrome/103.0.0.0 Safari/537.36 - http_conn.cpp:353
20220815 08:36:55.865408   7854 INFO oop!unknow header: User-Agent: Mozilla/5.0 (X11; Linux x86_64) AppleWebKit/537.36 (KHTML, like Gecko) Chrome/103.0.0.0 Safari/537.36 - http_conn.cpp:325
20220815 08:36:55.865409   7854 INFO Accept: text/html,application/xhtml+xml,application/xml;q=0.9,image/avif,image/webp,image/apng,*/*;q=0.8,application/signed-exchange;v=b3;q=0.9 - http_conn.cpp:353
20220815 08:36:55.865410   7854 INFO oop!unknow header: Accept: text/html,application/xhtml+xml,application/xml;q=0.9,image/avif,image/webp,image/apng,*/*;q=0.8,application/signed-exchange;v=b3;q=0.9 - http_conn.cpp:325
20220815 08:36:55.865411   7854 INFO Sec-Fetch-Site: same-origin - http_conn.cpp:353
20220815 08:36:55.865411   7854 INFO oop!unknow header: Sec-Fetch-Site: same-origin - http_conn.cpp:325
20220815 08:36:55.865412   7854 INFO Sec-Fetch-Mode: navigate - http_conn.cpp:353
20220815 08:36:55.865413   7854 INFO oop!unknow header: Sec-Fetch-Mode: navigate - http_conn.cpp:325
20220815 08:36:55.865413   7854 INFO Sec-Fetch-User: ?1 - http_conn.cpp:353
20220815 08:36:55.865414   7854 INFO oop!unknow header: Sec-Fetch-User: ?1 - http_conn.cpp:325
20220815 08:36:55.865415   7854 INFO Sec-Fetch-Dest: document - http_conn.cpp:353
20220815 08:36:55.865415   7854 INFO oop!unknow header: Sec-Fetch-Dest: document - http_conn.cpp:325
20220815 08:36:55.865416   7854 INFO Referer: http://localhost:9007/2CGISQL.cgi - http_conn.cpp:353
20220815 08:36:55.865416   7854 INFO oop!unknow header: Referer: http://localhost:9007/2CGISQL.cgi - http_conn.cpp:325
20220815 08:36:55.865417   7854 INFO Accept-Encoding: gzip, deflate, br - http_conn.cpp:353
20220815 08:36:55.865418   7854 INFO oop!unknow header: Accept-Encoding: gzip, deflate, br - http_conn.cpp:325
20220815 08:36:55.865418   7854 INFO Accept-Language: zh-CN,zh;q=0.9 - http_conn.cpp:353
20220815 08:36:55.865419   7854 INFO oop!unknow header: Accept-Language: zh-CN,zh;q=0.9 - http_conn.cpp:325
20220815 08:36:55.865419   7854 INFO  - http_conn.cpp:353
20220815 08:36:55.865465   7854 INFO request:HTTP/1.1 200 OK
 - http_conn.cpp:597
20220815 08:36:55.865466   7854 INFO request:HTTP/1.1 200 OK
Content-Length:345
 - http_conn.cpp:597
20220815 08:36:55.865467   7854 INFO request:HTTP/1.1 200 OK
Content-Length:345
Connection:keep-alive
 - http_conn.cpp:597
20220815 08:36:55.865467   7854 INFO request:HTTP/1.1 200 OK
Content-Length:345
Connection:keep-alive

 - http_conn.cpp:597
20220815 08:36:55.865477   7828 INFO adjust timer once - webserver.cpp:195
20220815 08:36:55.936387   7828 INFO adjust timer once - webserver.cpp:195
20220815 08:36:55.936414   7856 INFO GET /frame1.png HTTP/1.1 - http_conn.cpp:353
20220815 08:36:55.936425   7856 INFO Host: localhost:9007 - http_conn.cpp:353
20220815 08:36:55.936426   7856 INFO Connection: keep-alive - http_conn.cpp:353
20220815 08:36:55.936427   7856 INFO sec-ch-ua: ".Not/A)Brand";v="99", "Google Chrome";v="103", "Chromium";v="103" - http_conn.cpp:353
20220815 08:36:55.936429   7856 INFO oop!unknow header: sec-ch-ua: ".Not/A)Brand";v="99", "Google Chrome";v="103", "Chromium";v="103" - http_conn.cpp:325
20220815 08:36:55.936430   7856 INFO DNT: 1 - http_conn.cpp:353
20220815 08:36:55.936430   7856 INFO oop!unknow header: DNT: 1 - http_conn.cpp:325
20220815 08:36:55.936431   7856 INFO sec-ch-ua-mobile: ?0 - http_conn.cpp:353
20220815 08:36:55.936432   7856 INFO oop!unknow header: sec-ch-ua-mobile: ?0 - http_conn.cpp:325
20220815 08:36:55.936433   7856 INFO User-Agent: Mozilla/5.0 (X11; Linux x86_64) AppleWebKit/537.36 (KHTML, like Gecko) Chrome/103.0.0.0 Safari/537.36 - http_conn.cpp:353
20220815 08:36:55.936433   7856 INFO oop!unknow header: User-Agent: Mozilla/5.0 (X11; Linux x86_64) AppleWebKit/537.36 (KHTML, like Gecko) Chrome/103.0.0.0 Safari/537.36 - http_conn.cpp:325
20220815 08:36:55.936434   7856 INFO sec-ch-ua-platform: "Linux" - http_conn.cpp:353
20220815 08:36:55.936435   7856 INFO oop!unknow header: sec-ch-ua-platform: "Linux" - http_conn.cpp:325
20220815 08:36:55.936436   7856 INFO Accept: image/avif,image/webp,image/apng,image/svg+xml,image/*,*/*;q=0.8 - http_conn.cpp:353
20220815 08:36:55.936436   7856 INFO oop!unknow header: Accept: image/avif,image/webp,image/apng,image/svg+xml,image/*,*/*;q=0.8 - http_conn.cpp:325
20220815 08:36:55.936437   7856 INFO Sec-Fetch-Site: same-origin - http_conn.cpp:353
20220815 08:36:55.936437   7856 INFO oop!unknow header: Sec-Fetch-Site: same-origin - http_conn.cpp:325
20220815 08:36:55.936438   7856 INFO Sec-Fetch-Mode: no-cors - http_conn.cpp:353
20220815 08:36:55.936439   7856 INFO oop!unknow header: Sec-Fetch-Mode: no-cors - http_conn.cpp:325
20220815 08:36:55.936439   7856 INFO Sec-Fetch-Dest: image - http_conn.cpp:353
20220815 08:36:55.936440   7856 INFO oop!unknow header: Sec-Fetch-Dest: image - http_conn.cpp:325
20220815 08:36:55.936441   7856 INFO Referer: http://localhost:9007/7 - http_conn.cpp:353
20220815 08:36:55.936441   7856 INFO oop!unknow header: Referer: http://localhost:9007/7 - http_conn.cpp:325
20220815 08:36:55.936442   7856 INFO Accept-Encoding: gzip, deflate, br - http_conn.cpp:353
20220815 08:36:55.936443   7856 INFO oop!unknow header: Accept-Encoding: gzip, deflate, br - http_conn.cpp:325
20220815 08:36:55.936443   7856 INFO Accept-Language: zh-CN,zh;q=0.9 - http_conn.cpp:353
20220815 08:36:55.936444   7856 INFO oop!unknow header: Accept-Language: zh-CN,zh;q=0.9 - http_conn.cpp:325
20220815 08:36:55.936445   7856 INFO  - http_conn.cpp:353
20220815 08:36:55.936465   7856 INFO request:HTTP/1.1 200 OK
 - http_conn.cpp:597
20220815 08:36:55.936466   7856 INFO request:HTTP/1.1 200 OK
Content-Length:54483
 - http_conn.cpp:597
20220815 08:36:55.936467   7856 INFO request:HTTP/1.1 200 OK
Content-Length:54483
Connection:keep-alive
 - http_conn.cpp:597
20220815 08:36:55.936468   7856 INFO request:HTTP/1.1 200 OK
Content-Length:54483
Connection:keep-alive

 - http_conn.cpp:597
20220815 08:36:55.936475   7828 INFO adjust timer once - webserver.cpp:195
20220815 08:36:56.662205   7828 INFO timer tick - webserver.cpp:438
20220815 08:37:01.662320   7828 INFO timer tick - webserver.cpp:438
20220815 08:37:01.683518   7828 INFO adjust timer once - webserver.cpp:195
20220815 08:37:01.683563   7847 INFO POST /6 HTTP/1.1 - http_conn.cpp:353
20220815 08:37:01.683579   7847 INFO Host: localhost:9007 - http_conn.cpp:353
20220815 08:37:01.683581   7847 INFO Connection: keep-alive - http_conn.cpp:353
20220815 08:37:01.683582   7847 INFO Content-Length: 0 - http_conn.cpp:353
20220815 08:37:01.683584   7847 INFO Cache-Control: max-age=0 - http_conn.cpp:353
20220815 08:37:01.683586   7847 INFO oop!unknow header: Cache-Control: max-age=0 - http_conn.cpp:325
20220815 08:37:01.683588   7847 INFO sec-ch-ua: ".Not/A)Brand";v="99", "Google Chrome";v="103", "Chromium";v="103" - http_conn.cpp:353
20220815 08:37:01.683589   7847 INFO oop!unknow header: sec-ch-ua: ".Not/A)Brand";v="99", "Google Chrome";v="103", "Chromium";v="103" - http_conn.cpp:325
20220815 08:37:01.683590   7847 INFO sec-ch-ua-mobile: ?0 - http_conn.cpp:353
20220815 08:37:01.683591   7847 INFO oop!unknow header: sec-ch-ua-mobile: ?0 - http_conn.cpp:325
20220815 08:37:01.683592   7847 INFO sec-ch-ua-platform: "Linux" - http_conn.cpp:353
20220815 08:37:01.683592   7847 INFO oop!unknow header: sec-ch-ua-platform: "Linux" - http_conn.cpp:325
20220815 08:37:01.683593   7847 INFO Origin: http://localhost:9007 - http_conn.cpp:353
20220815 08:37:01.683594   7847 INFO oop!unknow header: Origin: http://localhost:9007 - http_conn.cpp:325
20220815 08:37:01.683595   7847 INFO Upgrade-Insecure-Requests: 1 - http_conn.cpp:353
20220815 08:37:01.683596   7847 INFO oop!unknow header: Upgrade-Insecure-Requests: 1 - http_conn.cpp:325
20220815 08:37:01.683597   7847 INFO DNT: 1 - http_conn.cpp:353
20220815 08:37:01.683598   7847 INFO oop!unknow header: DNT: 1 - http_conn.cpp:325
20220815 08:37:01.683599   7847 INFO Content-Type: application/x-www-form-urlencoded - http_conn.cpp:353
20220815 08:37:01.683600   7847 INFO oop!unknow header: Content-Type: application/x-www-form-urlencoded - http_conn.cpp:325
20220815 08:37:01.683601   7847 INFO User-Agent: Mozilla/5.0 (X11; Linux x86_64) AppleWebKit/537.36 (KHTML, like Gecko) Chrome/103.0.0.0 Safari/537.36 - http_conn.cpp:353
20220815 08:37:01.683602   7847 INFO oop!unknow header: User-Agent: Mozilla/5.0 (X11; Linux x86_64) AppleWebKit/537.36 (KHTML, like Gecko) Chrome/103.0.0.0 Safari/537.36 - http_conn.cpp:325
20220815 08:37:01.683604   7847 INFO Accept: text/html,application/xhtml+xml,application/xml;q=0.9,image/avif,image/webp,image/apng,*/*;q=0.8,application/signed-exchange;v=b3;q=0.9 - http_conn.cpp:353
20220815 08:37:01.683604   7847 INFO oop!unknow header: Accept: text/html,application/xhtml+xml,application/xml;q=0.9,image/avif,image/webp,image/apng,*/*;q=0.8,application/signed-exchange;v=b3;q=0.9 - http_conn.cpp:325
20220815 08:37:01.683605   7847 INFO Sec-Fetch-Site: same-origin - http_conn.cpp:353
20220815 08:37:01.683606   7847 INFO oop!unknow header: Sec-Fetch-Site: same-origin - http_conn.cpp:325
20220815 08:37:01.683607   7847 INFO Sec-Fetch-Mode: navigate - http_conn.cpp:353
20220815 08:37:01.683608   7847 INFO oop!unknow header: Sec-Fetch-Mode: navigate - http_conn.cpp:325
20220815 08:37:01.683609   7847 INFO Sec-Fetch-User: ?1 - http_conn.cpp:353
20220815 08:37:01.683610   7847 INFO oop!unknow header: Sec-Fetch-User: ?1 - http_conn.cpp:325
20220815 08:37:01.683611   7847 INFO Sec-Fetch-Dest: document - http_conn.cpp:353
20220815 08:37:01.683612   7847 INFO oop!unknow header: Sec-Fetch-Dest: document - http_conn.cpp:325
20220815 08:37:01.683613   7847 INFO Referer: http://localhost:9007/2CGISQL.cgi - http_conn.cpp:353
20220815 08:37:01.683614   7847 INFO oop!unknow header: Referer: http://localhost:9007/2CGISQL.cgi - http_conn.cpp:325
20220815 08:37:01.683615   7847 INFO Accept-Encoding: gzip, deflate, br - http_conn.cpp:353
20220815 08:37:01.683615   7847 INFO oop!unknow header: Accept-Encoding: gzip, deflate, br - http_conn.cpp:325
20220815 08:37:01.683616   7847 INFO Accept-Language: zh-CN,zh;q=0.9 - http_conn.cpp:353
20220815 08:37:01.683617   7847 INFO oop!unknow header: Accept-Language: zh-CN,zh;q=0.9 - http_conn.cpp:325
20220815 08:37:01.683618   7847 INFO  - http_conn.cpp:353
20220815 08:37:01.683691   7847 INFO request:HTTP/1.1 200 OK
 - http_conn.cpp:597
20220815 08:37:01.683693   7847 INFO request:HTTP/1.1 200 OK
Content-Length:356
 - http_conn.cpp:597
20220815 08:37:01.683694   7847 INFO request:HTTP/1.1 200 OK
Content-Length:356
Connection:keep-alive
 - http_conn.cpp:597
20220815 08:37:01.683695   7847 INFO request:HTTP/1.1 200 OK
Content-Length:356
Connection:keep-alive

 - http_conn.cpp:597
20220815 08:37:01.683706   7828 INFO adjust timer once - webserver.cpp:195
20220815 08:37:01.864070   7828 INFO adjust timer once - webserver.cpp:195
20220815 08:37:01.864118   7850 INFO GET /scan.mp4 HTTP/1.1 - http_conn.cpp:353
20220815 08:37:01.864129   7850 INFO Host: localhost:9007 - http_conn.cpp:353
20220815 08:37:01.864130   7850 INFO Connection: keep-alive - http_conn.cpp:353
20220815 08:37:01.864131   7850 INFO sec-ch-ua: ".Not/A)Brand";v="99", "Google Chrome";v="103", "Chromium";v="103" - http_conn.cpp:353
20220815 08:37:01.864132   7850 INFO oop!unknow header: sec-ch-ua: ".Not/A)Brand";v="99", "Google Chrome";v="103", "Chromium";v="103" - http_conn.cpp:325
20220815 08:37:01.864133   7850 INFO DNT: 1 - http_conn.cpp:353
20220815 08:37:01.864134   7850 INFO oop!unknow header: DNT: 1 - http_conn.cpp:325
20220815 08:37:01.864135   7850 INFO Accept-Encoding: identity;q=1, *;q=0 - http_conn.cpp:353
20220815 08:37:01.864135   7850 INFO oop!unknow header: Accept-Encoding: identity;q=1, *;q=0 - http_conn.cpp:325
20220815 08:37:01.864136   7850 INFO sec-ch-ua-mobile: ?0 - http_conn.cpp:353
20220815 08:37:01.864137   7850 INFO oop!unknow header: sec-ch-ua-mobile: ?0 - http_conn.cpp:325
20220815 08:37:01.864138   7850 INFO User-Agent: Mozilla/5.0 (X11; Linux x86_64) AppleWebKit/537.36 (KHTML, like Gecko) Chrome/103.0.0.0 Safari/537.36 - http_conn.cpp:353
20220815 08:37:01.864139   7850 INFO oop!unknow header: User-Agent: Mozilla/5.0 (X11; Linux x86_64) AppleWebKit/537.36 (KHTML, like Gecko) Chrome/103.0.0.0 Safari/537.36 - http_conn.cpp:325
20220815 08:37:01.864139   7850 INFO sec-ch-ua-platform: "Linux" - http_conn.cpp:353
20220815 08:37:01.864140   7850 INFO oop!unknow header: sec-ch-ua-platform: "Linux" - http_conn.cpp:325
20220815 08:37:01.864141   7850 INFO Accept: */* - http_conn.cpp:353
20220815 08:37:01.864141   7850 INFO oop!unknow header: Accept: */* - http_conn.cpp:325
20220815 08:37:01.864142   7850 INFO Sec-Fetch-Site: same-origin - http_conn.cpp:353
20220815 08:37:01.864142   7850 INFO oop!unknow header: Sec-Fetch-Site: same-origin - http_conn.cpp:325
20220815 08:37:01.864143   7850 INFO Sec-Fetch-Mode: no-cors - http_conn.cpp:353
20220815 08:37:01.864144   7850 INFO oop!unknow header: Sec-Fetch-Mode: no-cors - http_conn.cpp:325
20220815 08:37:01.864144   7850 INFO Sec-Fetch-Dest: video - http_conn.cpp:353
20220815 08:37:01.864145   7850 INFO oop!unknow header: Sec-Fetch-Dest: video - http_conn.cpp:325
20220815 08:37:01.864146   7850 INFO Referer: http://localhost:9007/6 - http_conn.cpp:353
20220815 08:37:01.864146   7850 INFO oop!unknow header: Referer: http://localhost:9007/6 - http_conn.cpp:325
20220815 08:37:01.864147   7850 INFO Accept-Language: zh-CN,zh;q=0.9 - http_conn.cpp:353
20220815 08:37:01.864148   7850 INFO oop!unknow header: Accept-Language: zh-CN,zh;q=0.9 - http_conn.cpp:325
20220815 08:37:01.864148   7850 INFO Range: bytes=0- - http_conn.cpp:353
20220815 08:37:01.864149   7850 INFO oop!unknow header: Range: bytes=0- - http_conn.cpp:325
20220815 08:37:01.864149   7850 INFO  - http_conn.cpp:353
20220815 08:37:01.864187   7850 INFO request:HTTP/1.1 200 OK
 - http_conn.cpp:597
20220815 08:37:01.864188   7850 INFO request:HTTP/1.1 200 OK
Content-Length:3486105
 - http_conn.cpp:597
20220815 08:37:01.864189   7850 INFO request:HTTP/1.1 200 OK
Content-Length:3486105
Connection:keep-alive
 - http_conn.cpp:597
20220815 08:37:01.864190   7850 INFO request:HTTP/1.1 200 OK
Content-Length:3486105
Connection:keep-alive

 - http_conn.cpp:597
20220815 08:37:01.864197   7828 INFO adjust timer once - webserver.cpp:195
20220815 08:37:06.662367   7828 INFO timer tick - webserver.cpp:438
20220815 08:37:07.842577   7828 INFO adjust timer once - webserver.cpp:195
20220815 08:37:07.842640   7852 INFO POST /5 HTTP/1.1 - http_conn.cpp:353
20220815 08:37:07.842649   7852 INFO Host: localhost:9007 - http_conn.cpp:353
20220815 08:37:07.842650   7852 INFO Connection: keep-alive - http_conn.cpp:353
20220815 08:37:07.842651   7852 INFO Content-Length: 0 - http_conn.cpp:353
20220815 08:37:07.842652   7852 INFO Cache-Control: max-age=0 - http_conn.cpp:353
20220815 08:37:07.842653   7852 INFO oop!unknow header: Cache-Control: max-age=0 - http_conn.cpp:325
20220815 08:37:07.842654   7852 INFO sec-ch-ua: ".Not/A)Brand";v="99", "Google Chrome";v="103", "Chromium";v="103" - http_conn.cpp:353
20220815 08:37:07.842655   7852 INFO oop!unknow header: sec-ch-ua: ".Not/A)Brand";v="99", "Google Chrome";v="103", "Chromium";v="103" - http_conn.cpp:325
20220815 08:37:07.842655   7852 INFO sec-ch-ua-mobile: ?0 - http_conn.cpp:353
20220815 08:37:07.842656   7852 INFO oop!unknow header: sec-ch-ua-mobile: ?0 - http_conn.cpp:325
20220815 08:37:07.842657   7852 INFO sec-ch-ua-platform: "Linux" - http_conn.cpp:353
20220815 08:37:07.842657   7852 INFO oop!unknow header: sec-ch-ua-platform: "Linux" - http_conn.cpp:325
20220815 08:37:07.842658   7852 INFO Origin: http://localhost:9007 - http_conn.cpp:353
20220815 08:37:07.842658   7852 INFO oop!unknow header: Origin: http://localhost:9007 - http_conn.cpp:325
20220815 08:37:07.842659   7852 INFO Upgrade-Insecure-Requests: 1 - http_conn.cpp:353
20220815 08:37:07.842660   7852 INFO oop!unknow header: Upgrade-Insecure-Requests: 1 - http_conn.cpp:325
20220815 08:37:07.842660   7852 INFO DNT: 1 - http_conn.cpp:353
20220815 08:37:07.842661   7852 INFO oop!unknow header: DNT: 1 - http_conn.cpp:325
20220815 08:37:07.842661   7852 INFO Content-Type: application/x-www-form-urlencoded - http_conn.cpp:353
20220815 08:37:07.842662   7852 INFO oop!unknow header: Content-Type: application/x-www-form-urlencoded - http_conn.cpp:325
20220815 08:37:07.842663   7852 INFO User-Agent: Mozilla/5.0 (X11; Linux x86_64) AppleWebKit/537.36 (KHTML, like Gecko) Chrome/103.0.0.0 Safari/537.36 - http_conn.cpp:353
20220815 08:37:07.842664   7852 INFO oop!unknow header: User-Agent: Mozilla/5.0 (X11; Linux x86_64) AppleWebKit/537.36 (KHTML, like Gecko) Chrome/103.0.0.0 Safari/537.36 - http_conn.cpp:325
20220815 08:37:07.842665   7852 INFO Accept: text/html,application/xhtml+xml,application/xml;q=0.9,image/avif,image/webp,image/apng,*/*;q=0.8,application/signed-exchange;v=b3;q=0.9 - http_conn.cpp:353
20220815 08:37:07.842665   7852 INFO oop!unknow header: Accept: text/html,application/xhtml+xml,application/xml;q=0.9,image/avif,image/webp,image/apng,*/*;q=0.8,application/signed-exchange;v=b3;q=0.9 - http_conn.cpp:325
20220815 08:37:07.842666   7852 INFO Sec-Fetch-Site: same-origin - http_conn.cpp:353
20220815 08:37:07.842666   7852 INFO oop!unknow header: Sec-Fetch-Site: same-origin - http_conn.cpp:325
20220815 08:37:07.842667   7852 INFO Sec-Fetch-Mode: navigate - http_conn.cpp:353
20220815 08:37:07.842668   7852 INFO oop!unknow header: Sec-Fetch-Mode: navigate - http_conn.cpp:325
20220815 08:37:07.842668   7852 INFO Sec-Fetch-User: ?1 - http_conn.cpp:353
20220815 08:37:07.842669   7852 INFO oop!unknow header: Sec-Fetch-User: ?1 - http_conn.cpp:325
20220815 08:37:07.842669   7852 INFO Sec-Fetch-Dest: document - http_conn.cpp:353
20220815 08:37:07.842670   7852 INFO oop!unknow header: Sec-Fetch-Dest: document - http_conn.cpp:325
20220815 08:37:07.842671   7852 INFO Referer: http://localhost:9007/2CGISQL.cgi - http_conn.cpp:353
20220815 08:37:07.842671   7852 INFO oop!unknow header: Referer: http://localhost:9007/2CGISQL.cgi - http_conn.cpp:325
20220815 08:37:07.842672   7852 INFO Accept-Encoding: gzip, deflate, br - http_conn.cpp:353
20220815 08:37:07.842672   7852 INFO oop!unknow header: Accept-Encoding: gzip, deflate, br - http_conn.cpp:325
20220815 08:37:07.842673   7852 INFO Accept-Language: zh-CN,zh;q=0.9 - http_conn.cpp:353
20220815 08:37:07.842674   7852 INFO oop!unknow header: Accept-Language: zh-CN,zh;q=0.9 - http_conn.cpp:325
20220815 08:37:07.842674   7852 INFO  - http_conn.cpp:353
20220815 08:37:07.842720   7852 INFO request:HTTP/1.1 200 OK
 - http_conn.cpp:597
20220815 08:37:07.842721   7852 INFO request:HTTP/1.1 200 OK
Content-Length:342
 - http_conn.cpp:597
20220815 08:37:07.842721   7852 INFO request:HTTP/1.1 200 OK
Content-Length:342
Connection:keep-alive
 - http_conn.cpp:597
20220815 08:37:07.842722   7852 INFO request:HTTP/1.1 200 OK
Content-Length:342
Connection:keep-alive

 - http_conn.cpp:597
20220815 08:37:07.842742   7828 INFO adjust timer once - webserver.cpp:195
20220815 08:37:07.954151   7828 INFO adjust timer once - webserver.cpp:195
20220815 08:37:07.954191   7854 INFO GET /log.png HTTP/1.1 - http_conn.cpp:353
20220815 08:37:07.954202   7854 INFO Host: localhost:9007 - http_conn.cpp:353
20220815 08:37:07.954203   7854 INFO Connection: keep-alive - http_conn.cpp:353
20220815 08:37:07.954204   7854 INFO sec-ch-ua: ".Not/A)Brand";v="99", "Google Chrome";v="103", "Chromium";v="103" - http_conn.cpp:353
20220815 08:37:07.954206   7854 INFO oop!unknow header: sec-ch-ua: ".Not/A)Brand";v="99", "Google Chrome";v="103", "Chromium";v="103" - http_conn.cpp:325
20220815 08:37:07.954207   7854 INFO DNT: 1 - http_conn.cpp:353
20220815 08:37:07.954207   7854 INFO oop!unknow header: DNT: 1 - http_conn.cpp:325
20220815 08:37:07.954208   7854 INFO sec-ch-ua-mobile: ?0 - http_conn.cpp:353
20220815 08:37:07.954209   7854 INFO oop!unknow header: sec-ch-ua-mobile: ?0 - http_conn.cpp:325
20220815 08:37:07.954209   7854 INFO User-Agent: Mozilla/5.0 (X11; Linux x86_64) AppleWebKit/537.36 (KHTML, like Gecko) Chrome/103.0.0.0 Safari/537.36 - http_conn.cpp:353
20220815 08:37:07.954210   7854 INFO oop!unknow header: User-Agent: Mozilla/5.0 (X11; Linux x86_64) AppleWebKit/537.36 (KHTML, like Gecko) Chrome/103.0.0.0 Safari/537.36 - http_conn.cpp:325
20220815 08:37:07.954211   7854 INFO sec-ch-ua-platform: "Linux" - http_conn.cpp:353
20220815 08:37:07.954211   7854 INFO oop!unknow header: sec-ch-ua-platform: "Linux" - http_conn.cpp:325
20220815 08:37:07.954212   7854 INFO Accept: image/avif,image/webp,image/apng,image/svg+xml,image/*,*/*;q=0.8 - http_conn.cpp:353
20220815 08:37:07.954213   7854 INFO oop!unknow header: Accept: image/avif,image/webp,image/apng,image/svg+xml,image/*,*/*;q=0.8 - http_conn.cpp:325
20220815 08:37:07.954214   7854 INFO Sec-Fetch-Site: same-origin - http_conn.cpp:353
20220815 08:37:07.954214   7854 INFO oop!unknow header: Sec-Fetch-Site: same-origin - http_conn.cpp:325
20220815 08:37:07.954215   7854 INFO Sec-Fetch-Mode: no-cors - http_conn.cpp:353
20220815 08:37:07.954215   7854 INFO oop!unknow header: Sec-Fetch-Mode: no-cors - http_conn.cpp:325
20220815 08:37:07.954216   7854 INFO Sec-Fetch-Dest: image - http_conn.cpp:353
20220815 08:37:07.954217   7854 INFO oop!unknow header: Sec-Fetch-Dest: image - http_conn.cpp:325
20220815 08:37:07.954217   7854 INFO Referer: http://localhost:9007/5 - http_conn.cpp:353
20220815 08:37:07.954218   7854 INFO oop!unknow header: Referer: http://localhost:9007/5 - http_conn.cpp:325
20220815 08:37:07.954219   7854 INFO Accept-Encoding: gzip, deflate, br - http_conn.cpp:353
20220815 08:37:07.954219   7854 INFO oop!unknow header: Accept-Encoding: gzip, deflate, br - http_conn.cpp:325
20220815 08:37:07.954220   7854 INFO Accept-Language: zh-CN,zh;q=0.9 - http_conn.cpp:353
20220815 08:37:07.954221   7854 INFO oop!unknow header: Accept-Language: zh-CN,zh;q=0.9 - http_conn.cpp:325
20220815 08:37:07.954221   7854 INFO  - http_conn.cpp:353
20220815 08:37:07.954246   7854 INFO request:HTTP/1.1 200 OK
 - http_conn.cpp:597
20220815 08:37:07.954247   7854 INFO request:HTTP/1.1 200 OK
Content-Length:589764
 - http_conn.cpp:597
20220815 08:37:07.954248   7854 INFO request:HTTP/1.1 200 OK
Content-Length:589764
Connection:keep-alive
 - http_conn.cpp:597
20220815 08:37:07.954249   7854 INFO request:HTTP/1.1 200 OK
Content-Length:589764
Connection:keep-alive

 - http_conn.cpp:597
20220815 08:37:07.954256   7828 INFO adjust timer once - webserver.cpp:195
20220815 08:37:11.665326   7828 INFO timer tick - webserver.cpp:438
20220815 08:37:16.665444   7828 INFO timer tick - webserver.cpp:438
20220815 08:37:21.665528   7828 INFO timer tick - webserver.cpp:438
20220815 08:37:26.713314   7828 INFO timer tick - webserver.cpp:438
20220815 08:37:31.721321   7828 INFO timer tick - webserver.cpp:438
20220815 08:37:36.721394   7828 INFO timer tick - webserver.cpp:438
20220815 08:37:41.721501   7828 INFO timer tick - webserver.cpp:438
20220815 08:37:46.721595   7828 INFO timer tick - webserver.cpp:438
20220815 08:37:51.721686   7828 INFO timer tick - webserver.cpp:438
20220815 08:37:56.721762   7828 INFO timer tick - webserver.cpp:438
20220815 08:38:01.721796   7828 INFO timer tick - webserver.cpp:438
20220815 08:38:06.721868   7828 INFO timer tick - webserver.cpp:438
20220815 08:38:11.721987   7828 INFO timer tick - webserver.cpp:438
20220815 08:38:16.722078   7828 INFO timer tick - webserver.cpp:438
